<?xml version="1.0" encoding="UTF-8"?>
<!-- Generated by org.testng.reporters.JUnitReportReporter -->
<testsuite hostname="DELL" failures="0" tests="2" name="tests.CurrencyChangeTest" time="4.671" errors="0" timestamp="2024-05-04T16:14:24 EEST" skipped="0">
  <testcase classname="tests.CurrencyChangeTest" name="userCanChangeCurrency" time="1.979"/>
  <testcase classname="tests.CurrencyChangeTest" name="userCanSearchForProduct" time="2.692"/>
</testsuite> <!-- tests.CurrencyChangeTest -->
