<?xml version="1.0" encoding="UTF-8"?>
<!-- Generated by org.testng.reporters.JUnitReportReporter -->
<testsuite hostname="DELL" failures="0" tests="2" name="tests.AddProductToWishlistTest" time="6.809" errors="0" timestamp="2024-05-04T16:14:24 EEST" skipped="0">
  <testcase classname="tests.AddProductToWishlistTest" name="userCanSearchForProduct" time="2.649"/>
  <testcase classname="tests.AddProductToWishlistTest" name="userCanAddProductToWhishList" time="4.160"/>
</testsuite> <!-- tests.AddProductToWishlistTest -->
