<?xml version="1.0" encoding="UTF-8"?>
<!-- Generated by org.testng.reporters.JUnitReportReporter -->
<testsuite hostname="DELL" failures="0" tests="1" name="tests.ProductAutoSuggestionSearchTest" time="4.688" errors="0" timestamp="2024-05-04T16:14:24 EEST" skipped="0">
  <testcase classname="tests.ProductAutoSuggestionSearchTest" name="userCanSearchWithAutoSuggestSearchForProduct" time="4.688"/>
</testsuite> <!-- tests.ProductAutoSuggestionSearchTest -->
