<?xml version="1.0" encoding="UTF-8"?>
<!-- Generated by org.testng.reporters.JUnitReportReporter -->
<testsuite hostname="DELL" failures="0" tests="1" name="tests.ProductSearchTest" time="2.372" errors="0" timestamp="2024-05-04T16:14:24 EEST" skipped="0">
  <testcase classname="tests.ProductSearchTest" name="userCanSearchForProduct" time="2.372"/>
</testsuite> <!-- tests.ProductSearchTest -->
