<?xml version="1.0" encoding="UTF-8"?>
<!-- Generated by org.testng.reporters.JUnitReportReporter -->
<testsuite hostname="DELL" failures="0" tests="2" name="tests.AddProductToCompareTest" time="0.002" errors="0" timestamp="2024-05-06T17:55:50 EEST" skipped="2">
  <testcase classname="tests.AddProductToCompareTest" name="userCanCompareProducts" time="0.001">
    <skipped/>
  </testcase> <!-- userCanCompareProducts -->
  <testcase classname="tests.AddProductToCompareTest" name="userCanClearCompareList" time="0.001">
    <skipped/>
  </testcase> <!-- userCanClearCompareList -->
</testsuite> <!-- tests.AddProductToCompareTest -->
