<?xml version="1.0" encoding="UTF-8"?>
<!-- Generated by org.testng.reporters.JUnitReportReporter -->
<testsuite hostname="DELL" failures="0" tests="1" name="tests.ProductMenuHoverTest" time="1.513" errors="0" timestamp="2024-05-04T16:14:24 EEST" skipped="0">
  <testcase classname="tests.ProductMenuHoverTest" name="UserCanSelectSubCategoryFromMainMenu" time="1.513"/>
</testsuite> <!-- tests.ProductMenuHoverTest -->
