<?xml version="1.0" encoding="UTF-8"?>
<!-- Generated by org.testng.reporters.JUnitReportReporter -->
<testsuite hostname="DELL" failures="0" tests="2" name="tests.AddProductToCompareTest" time="16.668" errors="0" timestamp="2024-05-03T16:20:25 EEST" skipped="0">
  <testcase classname="tests.AddProductToCompareTest" name="userCanCompareProducts" time="15.373"/>
  <testcase classname="tests.AddProductToCompareTest" name="userCanClearCompareList" time="1.295"/>
</testsuite> <!-- tests.AddProductToCompareTest -->
