<?xml version="1.0" encoding="UTF-8"?>
<!-- Generated by org.testng.reporters.JUnitReportReporter -->
<testsuite hostname="DELL" failures="0" tests="1" name="tests.ContactUsTest" time="8.296" errors="0" timestamp="2024-03-23T13:35:38 EET" skipped="0">
  <testcase classname="tests.ContactUsTest" name="UserCanContactUs" time="8.296"/>
</testsuite> <!-- tests.ContactUsTest -->
